[debug] [2024-11-18T14:56:24.473Z] ----------------------------------------------------------------------
[debug] [2024-11-18T14:56:24.476Z] Command:       C:\Program Files\nodejs\node.exe C:\Users\Vihana Piyasiri\AppData\Roaming\npm\node_modules\firebase-tools\lib\bin\firebase.js init
[debug] [2024-11-18T14:56:24.477Z] CLI Version:   13.17.0
[debug] [2024-11-18T14:56:24.477Z] Platform:      win32
[debug] [2024-11-18T14:56:24.477Z] Node Version:  v20.15.1
[debug] [2024-11-18T14:56:24.477Z] Time:          Mon Nov 18 2024 20:26:24 GMT+0530 (India Standard Time)
[debug] [2024-11-18T14:56:24.477Z] ----------------------------------------------------------------------
[debug] 
[debug] [2024-11-18T14:56:24.482Z] > command requires scopes: ["email","openid","https://www.googleapis.com/auth/cloudplatformprojects.readonly","https://www.googleapis.com/auth/firebase","https://www.googleapis.com/auth/cloud-platform"]
[debug] [2024-11-18T14:56:24.482Z] > authorizing via signed-in user (vihanapiyasiri2003@gmail.com)
[info] 
     ######## #### ########  ######## ########     ###     ######  ########
     ##        ##  ##     ## ##       ##     ##  ##   ##  ##       ##
     ######    ##  ########  ######   ########  #########  ######  ######
     ##        ##  ##    ##  ##       ##     ## ##     ##       ## ##
     ##       #### ##     ## ######## ########  ##     ##  ######  ########

You're about to initialize a Firebase project in this directory:

  C:\Users\Vihana Piyasiri\OneDrive\Documents\pos_JS\pos_JS

[info] 
=== Project Setup
[info] 
[info] First, let's associate this project directory with a Firebase project.
[info] You can create multiple project aliases by running firebase use --add, 
[info] but for now we'll just set up a default project.
[info] 
[debug] [2024-11-18T14:56:30.335Z] > refreshing access token with scopes: []
[debug] [2024-11-18T14:56:30.337Z] >>> [apiv2][query] POST https://www.googleapis.com/oauth2/v3/token [none]
[debug] [2024-11-18T14:56:30.337Z] >>> [apiv2][body] POST https://www.googleapis.com/oauth2/v3/token [omitted]
[debug] [2024-11-18T14:56:31.843Z] <<< [apiv2][status] POST https://www.googleapis.com/oauth2/v3/token 200
[debug] [2024-11-18T14:56:31.844Z] <<< [apiv2][body] POST https://www.googleapis.com/oauth2/v3/token [omitted]
[debug] [2024-11-18T14:56:31.857Z] >>> [apiv2][query] GET https://firebase.googleapis.com/v1beta1/projects pageSize=100
[debug] [2024-11-18T14:56:32.845Z] <<< [apiv2][status] GET https://firebase.googleapis.com/v1beta1/projects 200
[debug] [2024-11-18T14:56:32.845Z] <<< [apiv2][body] GET https://firebase.googleapis.com/v1beta1/projects [omitted]
